wlr_allocator, destroy, nullptr_t
wlr_backend, destroy, wlr_backend
wlr_backend, new_input, wlr_input_device
wlr_backend, new_output, wlr_output
wlr_buffer, destroy, nullptr_t
wlr_buffer, release, nullptr_t
wlr_compositor, destroy, nullptr_t
wlr_compositor, new_surface, wlr_surface
wlr_content_type_manager_v1, destroy, nullptr_t
wlr_cursor, axis, wlr_pointer_axis_event
wlr_cursor, button, wlr_pointer_button_event
wlr_cursor, frame, wlr_cursor
wlr_cursor, hold_begin, wlr_pointer_hold_begin_event
wlr_cursor, hold_end, wlr_pointer_hold_end_event
wlr_cursor, motion, wlr_pointer_motion_event
wlr_cursor, motion_absolute, wlr_pointer_motion_absolute_event
wlr_cursor, pinch_begin, wlr_pointer_pinch_begin_event
wlr_cursor, pinch_end, wlr_pointer_pinch_end_event
wlr_cursor, pinch_update, wlr_pointer_pinch_update_event
wlr_cursor, swipe_begin, wlr_pointer_swipe_begin_event
wlr_cursor, swipe_end, wlr_pointer_swipe_end_event
wlr_cursor, swipe_update, wlr_pointer_swipe_update_event
wlr_cursor, tablet_tool_axis, wlr_tablet_tool_axis_event
wlr_cursor, tablet_tool_button, wlr_tablet_tool_button_event
wlr_cursor, tablet_tool_proximity, wlr_tablet_tool_proximity_event
wlr_cursor, tablet_tool_tip, wlr_tablet_tool_tip_event
wlr_cursor, touch_cancel, wlr_touch_cancel_event
wlr_cursor, touch_down, wlr_touch_down_event
wlr_cursor, touch_frame, nullptr_t
wlr_cursor, touch_motion, wlr_touch_motion_event
wlr_cursor, touch_up, wlr_touch_up_event
wlr_cursor_shape_manager_v1, destroy, nullptr_t
wlr_cursor_shape_manager_v1, request_set_shape, wlr_cursor_shape_manager_v1_request_set_shape_event
wlr_data_control_manager_v1, destroy, wlr_data_control_manager_v1
wlr_data_control_manager_v1, new_device, wlr_data_control_device_v1
wlr_data_device_manager, destroy, wlr_data_device_manager
wlr_data_source, destroy, wlr_data_source
wlr_device, change, wlr_device_change_event
wlr_device, remove, nullptr_t
wlr_drag, destroy, wlr_drag
wlr_drag, drop, wlr_drag_drop_event
wlr_drag, focus, wlr_drag
wlr_drag, motion, wlr_drag_motion_event
wlr_drag_icon, destroy, wlr_drag_icon
wlr_drm, destroy, nullptr_t
wlr_drm_lease, destroy, nullptr_t
wlr_drm_lease_v1_manager, destroy, nullptr_t
wlr_drm_lease_v1_manager, request, wlr_drm_lease_request_v1
wlr_export_dmabuf_manager_v1, destroy, wlr_export_dmabuf_manager_v1
wlr_ext_data_control_manager_v1, destroy, wlr_ext_data_control_manager_v1
wlr_ext_data_control_manager_v1, new_device, wlr_ext_data_control_device_v1
wlr_ext_foreign_toplevel_handle_v1, destroy, nullptr_t
wlr_ext_foreign_toplevel_list_v1, destroy, nullptr_t
wlr_ext_image_capture_source_v1, constraints_update, nullptr_t
wlr_ext_image_capture_source_v1, destroy, nullptr_t
wlr_ext_image_capture_source_v1, frame, wlr_ext_output_image_capture_source_v1_frame_event
wlr_ext_image_capture_source_v1_cursor, update, nullptr_t
wlr_ext_image_copy_capture_frame_v1, destroy, nullptr_t
wlr_foreign_toplevel_handle_v1, destroy, wlr_foreign_toplevel_handle_v1
wlr_foreign_toplevel_handle_v1, request_activate, wlr_foreign_toplevel_handle_v1_activated_event
wlr_foreign_toplevel_handle_v1, request_close, wlr_foreign_toplevel_handle_v1
wlr_foreign_toplevel_handle_v1, request_fullscreen, wlr_foreign_toplevel_handle_v1_fullscreen_event
wlr_foreign_toplevel_handle_v1, request_maximize, wlr_foreign_toplevel_handle_v1_maximized_event
wlr_foreign_toplevel_handle_v1, request_minimize, wlr_foreign_toplevel_handle_v1_minimized_event
wlr_foreign_toplevel_handle_v1, set_rectangle, wlr_foreign_toplevel_handle_v1_set_rectangle_event
wlr_foreign_toplevel_manager_v1, destroy, wlr_foreign_toplevel_manager_v1
wlr_fractional_scale_manager_v1, destroy, nullptr_t
wlr_fullscreen_shell_v1, destroy, wlr_fullscreen_shell_v1
wlr_fullscreen_shell_v1, present_surface, wlr_fullscreen_shell_v1_present_surface_event
wlr_gamma_control_manager_v1, destroy, wlr_gamma_control_manager_v1
wlr_gamma_control_manager_v1, set_gamma, wlr_gamma_control_manager_v1_set_gamma_event
wlr_idle_inhibit_manager_v1, destroy, wlr_idle_inhibit_manager_v1
wlr_idle_inhibit_manager_v1, new_inhibitor, wlr_idle_inhibitor_v1
wlr_idle_inhibitor_v1, destroy, wlr_surface
wlr_input_device, destroy, wlr_input_device
wlr_input_method_keyboard_grab_v2, destroy, wlr_input_method_keyboard_grab_v2
wlr_input_method_manager_v2, destroy, wlr_input_method_manager_v2
wlr_input_method_manager_v2, input_method, wlr_input_method_v2
wlr_input_method_v2, commit, wlr_input_method_v2
wlr_input_method_v2, destroy, wlr_input_method_v2
wlr_input_method_v2, grab_keyboard, wlr_input_method_keyboard_grab_v2
wlr_input_method_v2, new_popup_surface, wlr_input_popup_surface_v2
wlr_input_popup_surface_v2, destroy, nullptr_t
wlr_keyboard, key, wlr_keyboard_key_event
wlr_keyboard, keymap, wlr_keyboard
wlr_keyboard, modifiers, wlr_keyboard
wlr_keyboard, repeat_info, wlr_keyboard
wlr_keyboard_group, enter, wl_array
wlr_keyboard_group, leave, wl_array
wlr_keyboard_shortcuts_inhibit_manager_v1, destroy, wlr_keyboard_shortcuts_inhibit_manager_v1
wlr_keyboard_shortcuts_inhibit_manager_v1, new_inhibitor, wlr_keyboard_shortcuts_inhibitor_v1
wlr_keyboard_shortcuts_inhibitor_v1, destroy, wlr_keyboard_shortcuts_inhibitor_v1
wlr_layer_shell_v1, destroy, wlr_layer_shell_v1
wlr_layer_shell_v1, new_surface, wlr_layer_surface_v1
wlr_layer_surface_v1, destroy, wlr_layer_surface_v1
wlr_layer_surface_v1, new_popup, wlr_xdg_popup
wlr_linux_dmabuf_v1, destroy, wlr_linux_dmabuf_v1
wlr_multi_backend, backend_add, wlr_backend
wlr_multi_backend, backend_remove, wlr_backend
wlr_output, bind, wlr_output_event_bind
wlr_output, commit, wlr_output_event_commit
wlr_output, damage, wlr_output_event_damage
wlr_output, description, wlr_output
wlr_output, destroy, wlr_output
wlr_output, frame, wlr_output
wlr_output, needs_frame, wlr_output
wlr_output, precommit, wlr_output_event_precommit
wlr_output, present, wlr_output_event_present
wlr_output, request_state, wlr_output_event_request_state
wlr_output_layer, feedback, wlr_output_layer_feedback_event
wlr_output_layout, add, wlr_output_layout_output
wlr_output_layout, change, wlr_output_layout
wlr_output_layout, destroy, wlr_output_layout
wlr_output_layout_output, destroy, wlr_output_layout_output
wlr_output_manager_v1, apply, wlr_output_configuration_v1
wlr_output_manager_v1, destroy, wlr_output_manager_v1
wlr_output_manager_v1, test, wlr_output_configuration_v1
wlr_output_power_manager_v1, destroy, wlr_output_power_manager_v1
wlr_output_power_manager_v1, set_mode, wlr_output_power_v1_set_mode_event
wlr_pointer, axis, wlr_pointer_axis_event
wlr_pointer, button, wlr_pointer_button_event
wlr_pointer, frame, wlr_pointer
wlr_pointer, hold_begin, wlr_pointer_hold_begin_event
wlr_pointer, hold_end, wlr_pointer_hold_end_event
wlr_pointer, motion, wlr_pointer_motion_event
wlr_pointer, motion_absolute, wlr_pointer_motion_absolute_event
wlr_pointer, pinch_begin, wlr_pointer_pinch_begin_event
wlr_pointer, pinch_end, wlr_pointer_pinch_end_event
wlr_pointer, pinch_update, wlr_pointer_pinch_update_event
wlr_pointer, swipe_begin, wlr_pointer_swipe_begin_event
wlr_pointer, swipe_end, wlr_pointer_swipe_end_event
wlr_pointer, swipe_update, wlr_pointer_swipe_update_event
wlr_pointer_constraint_v1, destroy, wlr_pointer_constraint_v1
wlr_pointer_constraint_v1, set_region, nullptr_t
wlr_pointer_constraints_v1, destroy, nullptr_t
wlr_pointer_constraints_v1, new_constraint, wlr_pointer_constraint_v1
wlr_pointer_gestures_v1, destroy, nullptr_t
wlr_presentation, destroy, wlr_presentation
wlr_primary_selection_source, destroy, wlr_primary_selection_source
wlr_primary_selection_v1_device_manager, destroy, wlr_primary_selection_v1_device_manager
wlr_relative_pointer_manager_v1, destroy, wlr_relative_pointer_manager_v1
wlr_relative_pointer_manager_v1, new_relative_pointer, wlr_relative_pointer_v1
wlr_relative_pointer_v1, destroy, wlr_relative_pointer_v1
wlr_renderer, destroy, wlr_renderer
wlr_renderer, lost, nullptr_t
wlr_scene_buffer, frame_done, timespec
wlr_scene_buffer, output_enter, wlr_scene_output
wlr_scene_buffer, output_leave, wlr_scene_output
wlr_scene_buffer, output_sample, wlr_scene_output_sample_event
wlr_scene_buffer, outputs_update, wlr_scene_outputs_update_event
wlr_scene_node, destroy, nullptr_t
wlr_scene_output, destroy, nullptr_t
wlr_screencopy_manager_v1, destroy, wlr_screencopy_manager_v1
wlr_seat, destroy, wlr_seat
wlr_seat, keyboard_grab_begin, wlr_seat_keyboard_grab
wlr_seat, keyboard_grab_end, wlr_seat_keyboard_grab
wlr_seat, pointer_grab_begin, wlr_seat_pointer_grab
wlr_seat, pointer_grab_end, wlr_seat_pointer_grab
wlr_seat, request_set_cursor, wlr_seat_pointer_request_set_cursor_event
wlr_seat, request_set_primary_selection, wlr_seat_request_set_primary_selection_event
wlr_seat, request_set_selection, wlr_seat_request_set_selection_event
wlr_seat, request_start_drag, wlr_seat_request_start_drag_event
wlr_seat, set_primary_selection, wlr_seat
wlr_seat, set_selection, wlr_seat
wlr_seat, start_drag, wlr_drag
wlr_seat, touch_grab_begin, wlr_seat_touch_grab
wlr_seat, touch_grab_end, wlr_seat_touch_grab
wlr_seat_client, destroy, wlr_seat_client
wlr_seat_keyboard_state, focus_change, wlr_seat_keyboard_focus_change_event
wlr_seat_pointer_state, focus_change, wlr_seat_pointer_focus_change_event
wlr_security_context_manager_v1, commit, wlr_security_context_v1_commit_event
wlr_security_context_manager_v1, destroy, wlr_security_context_manager_v1
wlr_server_decoration, destroy, wlr_server_decoration
wlr_server_decoration, mode, wlr_server_decoration
wlr_server_decoration_manager, destroy, wlr_server_decoration_manager
wlr_server_decoration_manager, new_decoration, wlr_server_decoration
wlr_session, active, nullptr_t
wlr_session, add_drm_card, wlr_session_add_event
wlr_session, destroy, wlr_session
wlr_session_lock_manager_v1, destroy, nullptr_t
wlr_session_lock_manager_v1, new_lock, wlr_session_lock_v1
wlr_session_lock_surface_v1, destroy, nullptr_t
wlr_session_lock_v1, destroy, nullptr_t
wlr_session_lock_v1, new_surface, wlr_session_lock_surface_v1
wlr_session_lock_v1, unlock, nullptr_t
wlr_subcompositor, destroy, nullptr_t
wlr_subsurface, destroy, wlr_subsurface
wlr_surface, client_commit, nullptr_t
wlr_surface, commit, wlr_surface
wlr_surface, destroy, wlr_surface
wlr_surface, map, nullptr_t
wlr_surface, new_subsurface, wlr_subsurface
wlr_surface, unmap, nullptr_t
wlr_switch, toggle, wlr_switch_toggle_event
wlr_tablet, axis, wlr_tablet_tool_axis_event
wlr_tablet, button, wlr_tablet_tool_button_event
wlr_tablet, proximity, wlr_tablet_tool_proximity_event
wlr_tablet, tip, wlr_tablet_tool_tip_event
wlr_tablet_manager_v2, destroy, wlr_tablet_manager_v2
wlr_tablet_pad, attach_tablet, wlr_tablet_tool
wlr_tablet_pad, button, wlr_tablet_pad_button_event
wlr_tablet_pad, ring, wlr_tablet_pad_ring_event
wlr_tablet_pad, strip, wlr_tablet_pad_strip_event
wlr_tablet_tool, destroy, wlr_tablet_tool
wlr_tablet_v2_tablet_pad, button_feedback, wlr_tablet_v2_event_feedback
wlr_tablet_v2_tablet_pad, ring_feedback, wlr_tablet_v2_event_feedback
wlr_tablet_v2_tablet_pad, strip_feedback, wlr_tablet_v2_event_feedback
wlr_tablet_v2_tablet_tool, set_cursor, wlr_tablet_v2_event_cursor
wlr_tearing_control_manager_v1, destroy, nullptr_t
wlr_tearing_control_manager_v1, new_object, wlr_tearing_control_v1
wlr_tearing_control_v1, destroy, nullptr_t
wlr_tearing_control_v1, set_hint, nullptr_t
wlr_text_input_manager_v3, destroy, wlr_text_input_manager_v3
wlr_text_input_manager_v3, text_input, wlr_text_input_v3
wlr_text_input_v3, commit, wlr_text_input_v3
wlr_text_input_v3, destroy, wlr_text_input_v3
wlr_text_input_v3, disable, wlr_text_input_v3
wlr_text_input_v3, enable, wlr_text_input_v3
wlr_touch, cancel, wlr_touch_cancel_event
wlr_touch, down, wlr_touch_down_event
wlr_touch, frame, nullptr_t
wlr_touch, motion, wlr_touch_motion_event
wlr_touch, up, wlr_touch_up_event
wlr_touch_point, destroy, wlr_touch_point
wlr_transient_seat_manager_v1, create_seat, wlr_transient_seat_v1
wlr_transient_seat_manager_v1, destroy, nullptr_t
wlr_viewporter, destroy, nullptr_t
wlr_virtual_keyboard_manager_v1, destroy, wlr_virtual_keyboard_manager_v1
wlr_virtual_keyboard_manager_v1, new_virtual_keyboard, wlr_virtual_keyboard_v1
wlr_virtual_pointer_manager_v1, destroy, wlr_virtual_pointer_manager_v1
wlr_virtual_pointer_manager_v1, new_virtual_pointer, wlr_virtual_pointer_v1_new_pointer_event
wlr_xdg_activation_token_v1, destroy, nullptr_t
wlr_xdg_activation_v1, destroy, nullptr_t
wlr_xdg_activation_v1, new_token, wlr_xdg_activation_token_v1
wlr_xdg_activation_v1, request_activate, wlr_xdg_activation_v1_request_activate_event
wlr_xdg_decoration_manager_v1, destroy, wlr_xdg_decoration_manager_v1
wlr_xdg_decoration_manager_v1, new_toplevel_decoration, wlr_xdg_toplevel_decoration_v1
wlr_xdg_dialog_v1, destroy, nullptr_t
wlr_xdg_dialog_v1, set_modal, nullptr_t
wlr_xdg_foreign_exported, destroy, nullptr_t
wlr_xdg_foreign_registry, destroy, nullptr_t
wlr_xdg_foreign_v1, destroy, nullptr_t
wlr_xdg_foreign_v2, destroy, nullptr_t
wlr_xdg_output_manager_v1, destroy, wlr_xdg_output_manager_v1
wlr_xdg_popup, destroy, nullptr_t
wlr_xdg_popup, reposition, nullptr_t
wlr_xdg_shell, destroy, wlr_xdg_shell
wlr_xdg_shell, new_popup, wlr_xdg_popup
wlr_xdg_shell, new_surface, wlr_xdg_surface
wlr_xdg_shell, new_toplevel, wlr_xdg_toplevel
wlr_xdg_surface, ack_configure, wlr_xdg_surface_configure
wlr_xdg_surface, configure, wlr_xdg_surface_configure
wlr_xdg_surface, destroy, nullptr_t
wlr_xdg_surface, new_popup, wlr_xdg_popup
wlr_xdg_surface, ping_timeout, nullptr_t
wlr_xdg_toplevel, destroy, nullptr_t
wlr_xdg_toplevel, request_fullscreen, nullptr_t
wlr_xdg_toplevel, request_maximize, nullptr_t
wlr_xdg_toplevel, request_minimize, nullptr_t
wlr_xdg_toplevel, request_move, wlr_xdg_toplevel_move_event
wlr_xdg_toplevel, request_resize, wlr_xdg_toplevel_resize_event
wlr_xdg_toplevel, request_show_window_menu, wlr_xdg_toplevel_show_window_menu_event
wlr_xdg_toplevel, set_app_id, nullptr_t
wlr_xdg_toplevel, set_parent, nullptr_t
wlr_xdg_toplevel, set_title, nullptr_t
wlr_xdg_toplevel_decoration_v1, destroy, wlr_xdg_toplevel_decoration_v1
wlr_xdg_toplevel_decoration_v1, request_mode, wlr_xdg_toplevel_decoration_v1
wlr_xdg_toplevel_icon_manager_v1, destroy, nullptr_t
wlr_xdg_toplevel_icon_manager_v1, set_icon, wlr_xdg_toplevel_icon_manager_v1_set_icon_event
wlr_xdg_wm_dialog_v1, destroy, nullptr_t
wlr_xdg_wm_dialog_v1, new_dialog, wlr_xdg_dialog_v1
wlr_xwayland, destroy, nullptr_t
wlr_xwayland, new_surface, wlr_xwayland_surface
wlr_xwayland, ready, nullptr_t
wlr_xwayland, remove_startup_info, wlr_xwayland_remove_startup_info_event
wlr_xwayland_server, destroy, nullptr_t
wlr_xwayland_server, ready, wlr_xwayland_server_ready_event
wlr_xwayland_server, start, nullptr_t
wlr_xwayland_shell_v1, destroy, nullptr_t
wlr_xwayland_shell_v1, new_surface, wlr_xwayland_surface_v1
wlr_xwayland_surface, associate, nullptr_t
wlr_xwayland_surface, destroy, nullptr_t
wlr_xwayland_surface, dissociate, nullptr_t
wlr_xwayland_surface, focus_in, nullptr_t
wlr_xwayland_surface, grab_focus, nullptr_t
wlr_xwayland_surface, map_request, nullptr_t
wlr_xwayland_surface, ping_timeout, nullptr_t
wlr_xwayland_surface, request_above, nullptr_t
wlr_xwayland_surface, request_activate, nullptr_t
wlr_xwayland_surface, request_below, nullptr_t
wlr_xwayland_surface, request_close, nullptr_t
wlr_xwayland_surface, request_configure, wlr_xwayland_surface_configure_event
wlr_xwayland_surface, request_demands_attention, nullptr_t
wlr_xwayland_surface, request_fullscreen, nullptr_t
wlr_xwayland_surface, request_maximize, nullptr_t
wlr_xwayland_surface, request_minimize, wlr_xwayland_minimize_event
wlr_xwayland_surface, request_move, nullptr_t
wlr_xwayland_surface, request_resize, wlr_xwayland_resize_event
wlr_xwayland_surface, request_shaded, nullptr_t
wlr_xwayland_surface, request_skip_pager, nullptr_t
wlr_xwayland_surface, request_skip_taskbar, nullptr_t
wlr_xwayland_surface, request_sticky, nullptr_t
wlr_xwayland_surface, set_class, nullptr_t
wlr_xwayland_surface, set_decorations, nullptr_t
wlr_xwayland_surface, set_geometry, nullptr_t
wlr_xwayland_surface, set_hints, nullptr_t
wlr_xwayland_surface, set_opacity, nullptr_t
wlr_xwayland_surface, set_override_redirect, nullptr_t
wlr_xwayland_surface, set_parent, nullptr_t
wlr_xwayland_surface, set_role, nullptr_t
wlr_xwayland_surface, set_startup_id, nullptr_t
wlr_xwayland_surface, set_strut_partial, nullptr_t
wlr_xwayland_surface, set_title, nullptr_t
wlr_xwayland_surface, set_window_type, nullptr_t
